<?xml version="1.0" encoding="UTF-8"?>
<!-- Generated by org.testng.reporters.JUnitReportReporter -->
<testsuite skipped="0" hostname="DESKTOP-4BNN8P3" name="KochExercise.printFlightDetails" tests="5" failures="0" timestamp="2020-09-13T14:42:34 IST" time="95.796" errors="0">
  <testcase name="printFlightHavingFareLessThan5000" time="18.983" classname="KochExercise.printFlightDetails"/>
  <system-out/>
  <testcase name="printFlightHavingFareLessThan5000" time="20.397" classname="KochExercise.printFlightDetails"/>
  <system-out/>
  <testcase name="printFlightHavingFareLessThan5000" time="18.087" classname="KochExercise.printFlightDetails"/>
  <system-out/>
  <testcase name="printFlightHavingFareLessThan5000" time="18.290" classname="KochExercise.printFlightDetails"/>
  <system-out/>
  <testcase name="printFlightHavingFareLessThan5000" time="20.039" classname="KochExercise.printFlightDetails"/>
  <system-out/>
</testsuite> <!-- KochExercise.printFlightDetails -->
